<?xml version="1.0" encoding="UTF-8"?>
<!-- Generated by org.testng.reporters.JUnitXMLReporter -->
<testsuite ignored="2" hostname="BANRAOAD-M" failures="0" tests="2" name="MarketingTests_OwnerMarketing" time="171.828" errors="0" timestamp="2025-05-16T13:44:58 IST">
  <testcase classname="pim.automation.framework.TC_001_Marketing_Owner_Test" name="Marketing_Owner" time="87.314"/>
  <testcase classname="pim.automation.framework.TC_002_MarketingWorkFlowApproval" name="MarketingWorkFlowApproval" time="72.075"/>
  <testcase classname="common_functions.BaseTest" name="@BeforeSuite intitializeReport" time="0.0">
    <ignored/>
  </testcase> <!-- @BeforeSuite intitializeReport -->
  <testcase classname="common_functions.BaseTest" name="@AfterSuite publishReport" time="0.0">
    <ignored/>
  </testcase> <!-- @AfterSuite publishReport -->
</testsuite> <!-- MarketingTests_OwnerMarketing -->
