<?xml version="1.0" encoding="UTF-8"?>
<testng-results ignored="0" total="1" passed="1" failed="0" skipped="0">
  <reporter-output>
  </reporter-output>
  <suite started-at="2025-03-13T10:24:51 IST" name="Default suite" finished-at="2025-03-13T10:26:00 IST" duration-ms="69500">
    <groups>
    </groups>
    <test started-at="2025-03-13T10:24:51 IST" name="Default test" finished-at="2025-03-13T10:26:00 IST" duration-ms="69500">
      <class name="pim.automation.framework.TC_001_Marketing">
        <test-method is-config="true" signature="setUp()[pri:0, instance:pim.automation.framework.TC_001_Marketing@564fabc8]" started-at="2025-03-13T10:24:51 IST" name="setUp" finished-at="2025-03-13T10:25:20 IST" duration-ms="29215" status="PASS">
          <reporter-output>
          </reporter-output>
        </test-method> <!-- setUp -->
        <test-method signature="getVersion()[pri:0, instance:pim.automation.framework.TC_001_Marketing@564fabc8]" started-at="2025-03-13T10:25:20 IST" name="getVersion" finished-at="2025-03-13T10:26:00 IST" duration-ms="40115" status="PASS">
          <reporter-output>
          </reporter-output>
        </test-method> <!-- getVersion -->
      </class> <!-- pim.automation.framework.TC_001_Marketing -->
    </test> <!-- Default test -->
  </suite> <!-- Default suite -->
</testng-results>
